<?xml version="1.0" encoding="UTF-8"?>
<!-- Generated by org.testng.reporters.JUnitReportReporter -->
<testsuite hostname="MacBook-Pro-de-Michaux.local" name="satori.jersey.i18n.TranslationUtilsTest" tests="30" failures="0" timestamp="6 Aug 2012 17:49:14 GMT" time="0,741" errors="0">
  <testcase name="testMessages" time="0,010" classname="satori.jersey.i18n.TranslationUtilsTest"/>
  <testcase name="testMessages" time="0,012" classname="satori.jersey.i18n.TranslationUtilsTest"/>
  <testcase name="testFormatsExt" time="0,002" classname="satori.jersey.i18n.TranslationUtilsTest"/>
  <testcase name="testFormatsExt" time="0,002" classname="satori.jersey.i18n.TranslationUtilsTest"/>
  <testcase name="testFormats" time="0,060" classname="satori.jersey.i18n.TranslationUtilsTest"/>
  <testcase name="testMessages" time="0,009" classname="satori.jersey.i18n.TranslationUtilsTest"/>
  <testcase name="testMessages" time="0,013" classname="satori.jersey.i18n.TranslationUtilsTest"/>
  <testcase name="testFormatsExt" time="0,003" classname="satori.jersey.i18n.TranslationUtilsTest"/>
  <testcase name="testFormats" time="0,060" classname="satori.jersey.i18n.TranslationUtilsTest"/>
  <testcase name="testFormatsExt" time="0,002" classname="satori.jersey.i18n.TranslationUtilsTest"/>
  <testcase name="testFormats" time="0,061" classname="satori.jersey.i18n.TranslationUtilsTest"/>
  <testcase name="testFormatsExt" time="0,003" classname="satori.jersey.i18n.TranslationUtilsTest"/>
  <testcase name="testFormatsExt" time="0,004" classname="satori.jersey.i18n.TranslationUtilsTest"/>
  <testcase name="testFormatsExt" time="0,003" classname="satori.jersey.i18n.TranslationUtilsTest"/>
  <testcase name="testFormatsExt" time="0,005" classname="satori.jersey.i18n.TranslationUtilsTest"/>
  <testcase name="testFormats" time="0,060" classname="satori.jersey.i18n.TranslationUtilsTest"/>
  <testcase name="testMessages" time="0,010" classname="satori.jersey.i18n.TranslationUtilsTest"/>
  <testcase name="testFormats" time="0,061" classname="satori.jersey.i18n.TranslationUtilsTest"/>
  <testcase name="testFormats" time="0,060" classname="satori.jersey.i18n.TranslationUtilsTest"/>
  <testcase name="testMessages" time="0,010" classname="satori.jersey.i18n.TranslationUtilsTest"/>
  <testcase name="testFormatsExt" time="0,001" classname="satori.jersey.i18n.TranslationUtilsTest"/>
  <testcase name="testFormats" time="0,061" classname="satori.jersey.i18n.TranslationUtilsTest"/>
  <testcase name="testFormats" time="0,060" classname="satori.jersey.i18n.TranslationUtilsTest"/>
  <testcase name="testFormats" time="0,061" classname="satori.jersey.i18n.TranslationUtilsTest"/>
  <testcase name="testFormatsExt" time="0,003" classname="satori.jersey.i18n.TranslationUtilsTest"/>
  <testcase name="testMessages" time="0,011" classname="satori.jersey.i18n.TranslationUtilsTest"/>
  <testcase name="testFormats" time="0,060" classname="satori.jersey.i18n.TranslationUtilsTest"/>
  <testcase name="testMessages" time="0,013" classname="satori.jersey.i18n.TranslationUtilsTest"/>
  <testcase name="testMessages" time="0,010" classname="satori.jersey.i18n.TranslationUtilsTest"/>
  <testcase name="testMessages" time="0,011" classname="satori.jersey.i18n.TranslationUtilsTest"/>
</testsuite>
