<?xml version="1.0" encoding="UTF-8"?>
<!-- Generated by org.testng.reporters.JUnitReportReporter -->
<testsuite hostname="MacBook-Pro-de-Michaux.local" name="satori.jersey.i18n.TranslationTest" tests="40" failures="0" timestamp="12 Aug 2012 06:11:39 GMT" time="0,770" errors="0">
  <testcase name="testFormatsUniversal" time="0,001" classname="satori.jersey.i18n.TranslationTest"/>
  <testcase name="testFormatsUniversal" time="0,002" classname="satori.jersey.i18n.TranslationTest"/>
  <testcase name="testFormats" time="0,061" classname="satori.jersey.i18n.TranslationTest"/>
  <testcase name="testMessages" time="0,009" classname="satori.jersey.i18n.TranslationTest"/>
  <testcase name="testMessages" time="0,015" classname="satori.jersey.i18n.TranslationTest"/>
  <testcase name="testMessages" time="0,011" classname="satori.jersey.i18n.TranslationTest"/>
  <testcase name="testFormatsUniversal" time="0,002" classname="satori.jersey.i18n.TranslationTest"/>
  <testcase name="testFormats" time="0,061" classname="satori.jersey.i18n.TranslationTest"/>
  <testcase name="testFormatsUniversal" time="0,002" classname="satori.jersey.i18n.TranslationTest"/>
  <testcase name="testFormats" time="0,062" classname="satori.jersey.i18n.TranslationTest"/>
  <testcase name="testMessages" time="0,010" classname="satori.jersey.i18n.TranslationTest"/>
  <testcase name="testFormatsExt" time="0,005" classname="satori.jersey.i18n.TranslationTest"/>
  <testcase name="testFormats" time="0,061" classname="satori.jersey.i18n.TranslationTest"/>
  <testcase name="testMessages" time="0,011" classname="satori.jersey.i18n.TranslationTest"/>
  <testcase name="testFormatsExt" time="0,003" classname="satori.jersey.i18n.TranslationTest"/>
  <testcase name="testFormats" time="0,061" classname="satori.jersey.i18n.TranslationTest"/>
  <testcase name="testMessages" time="0,010" classname="satori.jersey.i18n.TranslationTest"/>
  <testcase name="testFormatsExt" time="0,002" classname="satori.jersey.i18n.TranslationTest"/>
  <testcase name="testFormatsUniversal" time="0,002" classname="satori.jersey.i18n.TranslationTest"/>
  <testcase name="testFormatsExt" time="0,002" classname="satori.jersey.i18n.TranslationTest"/>
  <testcase name="testFormatsUniversal" time="0,003" classname="satori.jersey.i18n.TranslationTest"/>
  <testcase name="testFormatsUniversal" time="0,003" classname="satori.jersey.i18n.TranslationTest"/>
  <testcase name="testFormats" time="0,062" classname="satori.jersey.i18n.TranslationTest"/>
  <testcase name="testFormats" time="0,062" classname="satori.jersey.i18n.TranslationTest"/>
  <testcase name="testFormatsExt" time="0,001" classname="satori.jersey.i18n.TranslationTest"/>
  <testcase name="testMessages" time="0,008" classname="satori.jersey.i18n.TranslationTest"/>
  <testcase name="testFormatsExt" time="0,001" classname="satori.jersey.i18n.TranslationTest"/>
  <testcase name="testFormatsExt" time="0,001" classname="satori.jersey.i18n.TranslationTest"/>
  <testcase name="testFormats" time="0,062" classname="satori.jersey.i18n.TranslationTest"/>
  <testcase name="testFormats" time="0,061" classname="satori.jersey.i18n.TranslationTest"/>
  <testcase name="testMessages" time="0,008" classname="satori.jersey.i18n.TranslationTest"/>
  <testcase name="testFormats" time="0,061" classname="satori.jersey.i18n.TranslationTest"/>
  <testcase name="testMessages" time="0,016" classname="satori.jersey.i18n.TranslationTest"/>
  <testcase name="testFormatsExt" time="0,003" classname="satori.jersey.i18n.TranslationTest"/>
  <testcase name="testFormatsUniversal" time="0,002" classname="satori.jersey.i18n.TranslationTest"/>
  <testcase name="testMessages" time="0,014" classname="satori.jersey.i18n.TranslationTest"/>
  <testcase name="testFormatsExt" time="0,001" classname="satori.jersey.i18n.TranslationTest"/>
  <testcase name="testFormatsUniversal" time="0,002" classname="satori.jersey.i18n.TranslationTest"/>
  <testcase name="testFormatsExt" time="0,003" classname="satori.jersey.i18n.TranslationTest"/>
  <testcase name="testFormatsUniversal" time="0,003" classname="satori.jersey.i18n.TranslationTest"/>
</testsuite>
